<?xml version="1.0" encoding="UTF-8"?>
<testsuite name="programmers.level2.ChoosingTangerinesTest" tests="3" skipped="0" failures="0" errors="0" timestamp="2023-12-11T08:31:22" hostname="Sikui-MacBookPro.local" time="0.03">
  <properties/>
  <testcase name="6, [1, 3, 2, 5, 4, 5, 2, 3]을 입력 받을 경우 3이 나와야 한다." classname="programmers.level2.ChoosingTangerinesTest" time="0.022"/>
  <testcase name="4, [1, 3, 2, 5, 4, 5, 2, 3]을 입력 받을 경우 2이 나와야 한다." classname="programmers.level2.ChoosingTangerinesTest" time="0.001"/>
  <testcase name="2, [1, 1, 1, 1, 2, 2, 2, 3]을 입력 받을 경우 1이 나와야 한다." classname="programmers.level2.ChoosingTangerinesTest" time="0.001"/>
  <system-out><![CDATA[]]></system-out>
  <system-err><![CDATA[]]></system-err>
</testsuite>
